=== Nested LOSO M2 grid search (v5 — weekly refit + soft cap) ===
Start: 2026-04-05 10:34:22 

Warning messages:
1: replacing previous import ‘data.table::first’ by ‘dplyr::first’ when loading ‘flualign’ 
2: replacing previous import ‘data.table::between’ by ‘dplyr::between’ when loading ‘flualign’ 
3: replacing previous import ‘data.table::last’ by ‘dplyr::last’ when loading ‘flualign’ 
4: replacing previous import ‘ggplot2::last_plot’ by ‘plotly::last_plot’ when loading ‘flualign’ 
5: replacing previous import ‘data.table::transpose’ by ‘purrr::transpose’ when loading ‘flualign’ 
Working dir: /home/yeli/PAGe 
Grid: 189 specs
Test seasons ( 10 ): 2012-13, 2013-14, 2014-15, 2016-17, 2017-18, 2018-19, 2019-20, 2022-23, 2023-24, 2024-25 

Cores: 12 

=== PHASE 1: Loading M1 cache ===
Loaded Phase 1 from: data/nested_loso_v5_phase1.rds — 10 folds
All folds cached — skipping Phase 1.

Phase 1 complete: 10 folds.

=== PHASE 2: M2 grid search (weekly refit eval) ===
( 189 specs x 10 folds)

Batch 1/16 (12 specs)... 110s | nll range: 40.987–117.397
Batch 2/16 (12 specs)... 111s | nll range: 40.987–122.822
Batch 3/16 (12 specs)... 103s | nll range: 41.796–118.584
Batch 4/16 (12 specs)... 103s | nll range: 40.237–122.822
Batch 5/16 (12 specs)... 99s | nll range: 41.723–107.576
Batch 6/16 (12 specs)... 100s | nll range: 78.974–218.940
Batch 7/16 (12 specs)... 102s | nll range: 168.131–211.892
Batch 8/16 (12 specs)... 99s | nll range: 172.700–218.940
Batch 9/16 (12 specs)... 101s | nll range: 168.131–211.892
Batch 10/16 (12 specs)... 103s | nll range: 153.429–201.573
Batch 11/16 (12 specs)... 100s | nll range: 152.170–207.447
Batch 12/16 (12 specs)... 100s | nll range: 161.505–212.818
Batch 13/16 (12 specs)... 101s | nll range: 165.828–212.818
Batch 14/16 (12 specs)... 111s | nll range: 161.505–206.627
Batch 15/16 (12 specs)... 137s | nll range: 136.277–189.196
Batch 16/16 (9 specs)... 101s | nll range: 136.494–179.493
There were 50 or more warnings (use warnings() to see the first 50)

=== Results ===
End: 2026-04-05 11:02:27 
Best spec: Kr1_kf4_ke3_a3 
Best mean_nll: 40.2374 

Top 15:
# A tibble: 15 × 5
   spec_id         n_seasons mean_nll   brier rmse_p
   <chr>               <int>    <dbl>   <dbl>  <dbl>
 1 Kr1_kf4_ke3_a3         10     40.2 0.00223 0.0459
 2 Kr1_kf4_ke3_a5         10     40.7 0.00223 0.0458
 3 Kr1_kf4_ke3_a7         10     40.7 0.00229 0.0461
 4 Kr1_kf2_ke3_a7         10     41.0 0.00222 0.0454
 5 Kr1_kf3_ke3_a7         10     41.0 0.00222 0.0454
 6 Kr1_kf2_ke3_a3         10     41.6 0.00215 0.0450
 7 Kr1_kf3_ke3_a3         10     41.6 0.00215 0.0450
 8 Kr1_kf4_ke6_a3         10     41.7 0.00287 0.0495
 9 Kr1_kf2_ke6_a3         10     41.8 0.00260 0.0478
10 Kr1_kf3_ke6_a3         10     41.8 0.00260 0.0478
11 Kr1_kf2_ke3_a5         10     42.4 0.00216 0.0453
12 Kr1_kf3_ke3_a5         10     42.4 0.00216 0.0453
13 Kr1_kf2_ke4_a7         10     43.9 0.00308 0.0505
14 Kr1_kf3_ke4_a7         10     43.9 0.00308 0.0505
15 Kr1_kf2_ke3_a10        10     44.7 0.00234 0.0466
