=== Nested LOSO M2 v14b — alpha_state boundary extension (Bernoulli NLL) ===
Start: 2026-04-10 15:36:19 

Warning messages:
1: replacing previous import ‘data.table::first’ by ‘dplyr::first’ when loading ‘flualign’ 
2: replacing previous import ‘data.table::between’ by ‘dplyr::between’ when loading ‘flualign’ 
3: replacing previous import ‘data.table::last’ by ‘dplyr::last’ when loading ‘flualign’ 
4: replacing previous import ‘ggplot2::last_plot’ by ‘plotly::last_plot’ when loading ‘flualign’ 
5: replacing previous import ‘data.table::transpose’ by ‘purrr::transpose’ when loading ‘flualign’ 
M1 cache loaded: 10 folds.

New specs: 10 

Batch 1/1 (10 specs)... 79s
There were 50 or more warnings (use warnings() to see the first 50)

=== v14b Results (Bernoulli NLL) ===
# A tibble: 10 × 4
   spec_id                      bernoulli_nll   brier mean_nll_raw
   <chr>                                <dbl>   <dbl>        <dbl>
 1 kf4_ke2_as0.5_kr2_ba0.2_bb0          0.406 0.00154         35.4
 2 kf4_ke2_as0.4_kr2_ba0.2_bb0          0.406 0.00155         35.0
 3 kf4_ke2_as0.45_kr2_ba0.2_bb0         0.406 0.00155         35.7
 4 kf4_ke2_as0.35_kr2_ba0.2_bb0         0.406 0.00157         35.0
 5 kf4_ke2_as0.3_kr2_ba0.2_bb0          0.406 0.00157         34.7
 6 kf4_ke2_as0.4_kr2_ba0.3_bb0          0.406 0.00158         34.7
 7 kf4_ke2_as0.5_kr2_ba0.3_bb0          0.406 0.00158         35.2
 8 kf4_ke2_as0.35_kr2_ba0.3_bb0         0.406 0.00158         34.5
 9 kf4_ke2_as0.3_kr2_ba0.3_bb0          0.406 0.00159         34.2
10 kf4_ke2_as0.45_kr2_ba0.3_bb0         0.406 0.00159         35.6

=== Best Bernoulli NLL by alpha_state ===
  alpha_state bernoulli_nll
1        0.30     0.4063563
2        0.35     0.4063280
3        0.40     0.4062808
4        0.45     0.4063055
5        0.50     0.4062750

Best spec: kf4_ke2_as0.5_kr2_ba0.2_bb0 
Saved data/nested_loso_v14b_production.rds
End: 2026-04-10 15:37:44 
