Warning messages:
1: replacing previous import ‘data.table::first’ by ‘dplyr::first’ when loading ‘flualign’ 
2: replacing previous import ‘data.table::between’ by ‘dplyr::between’ when loading ‘flualign’ 
3: replacing previous import ‘data.table::last’ by ‘dplyr::last’ when loading ‘flualign’ 
4: replacing previous import ‘ggplot2::last_plot’ by ‘plotly::last_plot’ when loading ‘flualign’ 
5: replacing previous import ‘data.table::transpose’ by ‘purrr::transpose’ when loading ‘flualign’ 
Best spec: d+0_Kr1_kf4_ke2_as0.3_kr2_kde0_ba0.4_bb0 
Training seasons ( 11 ): 2012-13, 2013-14, 2014-15, 2016-17, 2017-18, 2018-19, 2019-20, 2022-23, 2023-24, 2024-25, 2025-26 

Aligning seasons...
Aligned: 541 rows, 11 seasons

Running M1 walk-forward...
There were 50 or more warnings (use warnings() to see the first 50)
M1 done: 694 rows across 11 seasons

Refitting M2 GAM...
[refit_best] Fitting M2 on full historical data with best spec
[train_stage2_joint_prepped] rows=661 | template_mode=smooth | k_f=4 | k_w=0 | k_s=0 | k_de=0
[train_stage2_joint_prepped] formula: cbind(y_lead, N_lead - y_lead) ~ -1 + lead + s(season, bs = "re") +     s(logit_f_eff, by = lead, bs = "ts", k = 4) + s(z_ema, by = lead,     bs = "ts", k = 2) + s(z_resid, by = lead, bs = "ts", k = 2)
Warning messages:
1: Use of .data in tidyselect expressions was deprecated in tidyselect 1.2.0.
ℹ Please use `"newWeek"` instead of `.data$newWeek` 
2: Use of .data in tidyselect expressions was deprecated in tidyselect 1.2.0.
ℹ Please use `"fit"` instead of `.data$fit` 
3: Use of .data in tidyselect expressions was deprecated in tidyselect 1.2.0.
ℹ Please use `"z0"` instead of `.data$z0` 
4: Use of .data in tidyselect expressions was deprecated in tidyselect 1.2.0.
ℹ Please use `"z_fill"` instead of `.data$z_fill` 
5: In smooth.construct.tp.smooth.spec(object, data, knots) :
  basis dimension, k, increased to minimum possible

6: In smooth.construct.tp.smooth.spec(object, data, knots) :
  basis dimension, k, increased to minimum possible

GAM fit complete.
Error in round(joint_out$fit$feature_ranges$z_ema, 3) : 
  non-numeric argument to mathematical function
Calls: cat
Execution halted
