[31m

processing file: forecast_training.qmd
[39m1/23                              
2/23 [setup]                      
3/23                              
4/23 [tuning-param-table]         
5/23                              
6/23 [tuning-call]                
7/23                              
8/23 [load-production-results]    
9/23                              
10/23 [load-best-spec]             
11/23                              
12/23 [compute-m1-production-preds]
13/23                              
14/23 [nested-fit-by-season]       
15/23                              
16/23 [loso-oos-plot]              
17/23                              
18/23 [loso-oos-scores]            
19/23                              
20/23 [save-m2-production]         
21/23                              
22/23 [nested-fit-summary]         
23/23                              
[31moutput file: forecast_training.knit.md

[39m[1mpandoc [22m
  to: html
  output-file: forecast_training.html
  standalone: true
  self-contained: true
  section-divs: true
  html-math-method: mathjax
  wrap: none
  default-image-extension: png
  toc: true
  number-sections: true
  variables: {}
  
[1mmetadata[22m
  document-css: false
  link-citations: true
  date-format: long
  lang: en
  title: '$M_2$: Positivity Forecast Model'
  page-layout: full
  grid:
    body-width: 1200px
  
Output created: forecast_training.html

