[31m

processing file: prospective_deployment.qmd
[39m1/23                      
2/23 [setup]              
3/23                      
4/23 [load-kit]           
5/23                      
6/23 [get-current]        
7/23                      
8/23 [walk-forward]       
9/23                      
10/23 [current-state]      
11/23                      
12/23 [param-evolution]    
13/23                      
14/23 [param-tabs]         
15/23                      
16/23 [m2-forecast-plots]  
17/23                      
18/23 [forecast-accuracy]  
19/23                      
20/23 [forecast-timeseries]
21/23                      
22/23 [data-table]         
23/23                      
[31moutput file: prospective_deployment.knit.md

[39m[1mpandoc [22m
  to: html
  output-file: prospective_deployment.html
  standalone: true
  self-contained: true
  section-divs: true
  html-math-method: mathjax
  wrap: none
  default-image-extension: png
  toc: true
  toc-depth: 3
  variables: {}
  
[1mmetadata[22m
  document-css: false
  link-citations: true
  date-format: long
  lang: en
  title: Prospective Deployment Pipeline
  page-layout: full
  grid:
    body-width: 1200px
  
Output created: prospective_deployment.html

