=== Nested LOSO M2 grid search (v6 — expanded grid) ===
Start: 2026-04-05 15:48:24 

Warning messages:
1: replacing previous import ‘data.table::first’ by ‘dplyr::first’ when loading ‘flualign’ 
2: replacing previous import ‘data.table::between’ by ‘dplyr::between’ when loading ‘flualign’ 
3: replacing previous import ‘data.table::last’ by ‘dplyr::last’ when loading ‘flualign’ 
4: replacing previous import ‘ggplot2::last_plot’ by ‘plotly::last_plot’ when loading ‘flualign’ 
5: replacing previous import ‘data.table::transpose’ by ‘purrr::transpose’ when loading ‘flualign’ 
Working dir: /home/yeli/PAGe 
Full v6 grid: 540 specs
Test seasons ( 10 ): 2012-13, 2013-14, 2014-15, 2016-17, 2017-18, 2018-19, 2019-20, 2022-23, 2023-24, 2024-25 

Cores: 12 

=== PHASE 1: Loading M1 cache ===
Loaded Phase 1 from: data/nested_loso_v5_phase1.rds — 10 folds
All folds cached — skipping Phase 1.

Phase 1 complete: 10 folds.

=== PHASE 2: M2 grid search (new specs only) ===
Total v6 specs to evaluate: 540 

( 540 specs x 10 folds)

Batch 1/45 (12 specs)... 92s | nll range: 179.519–340.331
Batch 2/45 (12 specs)... 90s | nll range: 179.519–499.111
Batch 3/45 (12 specs)... 87s | nll range: 173.778–366.313
Batch 4/45 (12 specs)... 90s | nll range: 179.519–340.331
Batch 5/45 (12 specs)... 89s | nll range: 179.519–499.111
Batch 6/45 (12 specs)... 88s | nll range: 173.778–366.313
Batch 7/45 (12 specs)... 90s | nll range: 179.826–334.811
Batch 8/45 (12 specs)... 88s | nll range: 179.826–331.851
Batch 9/45 (12 specs)... 91s | nll range: 175.479–381.629
Batch 10/45 (12 specs)... 88s | nll range: 169.008–348.854
Batch 11/45 (12 specs)... 87s | nll range: 169.008–405.383
Batch 12/45 (12 specs)... 88s | nll range: 174.993–396.874
Batch 13/45 (12 specs)... 89s | nll range: 177.829–367.393
Batch 14/45 (12 specs)... 89s | nll range: 177.829–488.513
Batch 15/45 (12 specs)... 89s | nll range: 175.962–392.495
Batch 16/45 (12 specs)... 93s | nll range: 172.902–241.374
Batch 17/45 (12 specs)... 93s | nll range: 172.902–379.565
Batch 18/45 (12 specs)... 91s | nll range: 167.588–269.376
Batch 19/45 (12 specs)... 90s | nll range: 172.902–241.374
Batch 20/45 (12 specs)... 91s | nll range: 172.902–379.565
Batch 21/45 (12 specs)... 89s | nll range: 167.588–269.376
Batch 22/45 (12 specs)... 89s | nll range: 169.979–266.017
Batch 23/45 (12 specs)... 89s | nll range: 169.979–292.162
Batch 24/45 (12 specs)... 89s | nll range: 164.885–307.205
Batch 25/45 (12 specs)... 92s | nll range: 173.599–266.190
Batch 26/45 (12 specs)... 89s | nll range: 173.599–317.739
Batch 27/45 (12 specs)... 91s | nll range: 168.282–309.207
Batch 28/45 (12 specs)... 93s | nll range: 174.437–276.574
Batch 29/45 (12 specs)... 90s | nll range: 174.437–299.989
Batch 30/45 (12 specs)... 90s | nll range: 169.908–359.047
Batch 31/45 (12 specs)... 91s | nll range: 166.071–279.279
Batch 32/45 (12 specs)... 91s | nll range: 166.071–367.433
Batch 33/45 (12 specs)... 91s | nll range: 163.886–339.125
Batch 34/45 (12 specs)... 91s | nll range: 166.071–279.279
Batch 35/45 (12 specs)... 89s | nll range: 166.071–367.433
Batch 36/45 (12 specs)... 88s | nll range: 163.886–339.125
Batch 37/45 (12 specs)... 93s | nll range: 158.588–369.855
Batch 38/45 (12 specs)... 89s | nll range: 158.588–386.961
Batch 39/45 (12 specs)... 90s | nll range: 157.483–492.622
Batch 40/45 (12 specs)... 91s | nll range: 162.226–370.947
Batch 41/45 (12 specs)... 90s | nll range: 162.226–454.296
Batch 42/45 (12 specs)... 89s | nll range: 160.459–468.506
Batch 43/45 (12 specs)... 90s | nll range: 162.588–453.469
Batch 44/45 (12 specs)... 89s | nll range: 162.588–416.809
Batch 45/45 (12 specs)... 89s | nll range: 160.966–507.219
There were 50 or more warnings (use warnings() to see the first 50)

=== Assembling v6 results ===
Total specs: 540 
End: 2026-04-05 16:55:57 
Best spec: Kr3_kf4_ke6_a25 
Best mean_nll: 157.4832 

Top 20:
# A tibble: 20 × 5
   spec_id         n_seasons mean_nll   brier rmse_p
   <chr>               <int>    <dbl>   <dbl>  <dbl>
 1 Kr3_kf4_ke6_a25        10     157. 0.00617 0.0760
 2 Kr3_kf4_ke2_a25        10     159. 0.00673 0.0794
 3 Kr3_kf4_ke3_a25        10     159. 0.00673 0.0794
 4 Kr3_kf4_ke4_a25        10     160. 0.00655 0.0783
 5 Kr3_kf5_ke6_a25        10     160. 0.00627 0.0767
 6 Kr3_kf6_ke6_a25        10     161. 0.00627 0.0767
 7 Kr3_kf5_ke2_a25        10     162. 0.00686 0.0802
 8 Kr3_kf5_ke3_a25        10     162. 0.00686 0.0802
 9 Kr3_kf6_ke2_a25        10     163. 0.00688 0.0803
10 Kr3_kf6_ke3_a25        10     163. 0.00688 0.0803
11 Kr3_kf5_ke4_a25        10     163. 0.00668 0.0791
12 Kr3_kf6_ke4_a25        10     163. 0.00669 0.0792
13 Kr3_kf2_ke6_a25        10     164. 0.00622 0.0765
14 Kr3_kf3_ke6_a25        10     164. 0.00622 0.0765
15 Kr2_kf4_ke6_a25        10     165. 0.00664 0.0790
16 Kr3_kf2_ke2_a25        10     166. 0.00686 0.0803
17 Kr3_kf2_ke3_a25        10     166. 0.00686 0.0803
18 Kr3_kf3_ke2_a25        10     166. 0.00686 0.0803
19 Kr3_kf3_ke3_a25        10     166. 0.00686 0.0803
20 Kr2_kf2_ke6_a25        10     168. 0.00663 0.0790
