=== Nested LOSO M2 grid search (v7 — M1-based logit_f_eff) ===
Start: 2026-04-05 17:25:48 

Warning messages:
1: replacing previous import ‘data.table::first’ by ‘dplyr::first’ when loading ‘flualign’ 
2: replacing previous import ‘data.table::between’ by ‘dplyr::between’ when loading ‘flualign’ 
3: replacing previous import ‘data.table::last’ by ‘dplyr::last’ when loading ‘flualign’ 
4: replacing previous import ‘ggplot2::last_plot’ by ‘plotly::last_plot’ when loading ‘flualign’ 
5: replacing previous import ‘data.table::transpose’ by ‘purrr::transpose’ when loading ‘flualign’ 
Working dir: /home/yeli/PAGe 
Full v7 grid: 540 specs
Test seasons ( 10 ): 2012-13, 2013-14, 2014-15, 2016-17, 2017-18, 2018-19, 2019-20, 2022-23, 2023-24, 2024-25 

Cores: 12 

=== PHASE 1: Loading M1 cache ===
Loaded Phase 1 from: data/nested_loso_v5_phase1.rds — 10 folds
All folds cached — skipping Phase 1.

Phase 1 complete: 10 folds.

=== PHASE 2: M2 grid search (all specs fresh) ===
Total v7 specs to evaluate: 540 

( 540 specs x 10 folds)

Batch 1/45 (12 specs)... 100s | nll range: 55.321–94.463
Batch 2/45 (12 specs)... 96s | nll range: 56.768–94.463
Batch 3/45 (12 specs)... 97s | nll range: 62.729–127.228
Batch 4/45 (12 specs)... 97s | nll range: 55.321–94.463
Batch 5/45 (12 specs)... 97s | nll range: 56.768–94.463
Batch 6/45 (12 specs)... 101s | nll range: 62.729–127.228
Batch 7/45 (12 specs)... 96s | nll range: 54.714–91.608
Batch 8/45 (12 specs)... 96s | nll range: 56.067–91.608
Batch 9/45 (12 specs)... 99s | nll range: 63.666–118.836
Batch 10/45 (12 specs)... 96s | nll range: 54.337–90.791
Batch 11/45 (12 specs)... 95s | nll range: 57.157–90.791
Batch 12/45 (12 specs)... 96s | nll range: 62.549–118.059
Batch 13/45 (12 specs)... 95s | nll range: 52.660–90.400
Batch 14/45 (12 specs)... 96s | nll range: 56.737–90.400
Batch 15/45 (12 specs)... 96s | nll range: 62.000–119.785
Batch 16/45 (12 specs)... 97s | nll range: 125.577–176.987
Batch 17/45 (12 specs)... 96s | nll range: 125.577–181.682
Batch 18/45 (12 specs)... 96s | nll range: 125.859–256.352
Batch 19/45 (12 specs)... 96s | nll range: 125.577–176.987
Batch 20/45 (12 specs)... 96s | nll range: 125.577–181.682
Batch 21/45 (12 specs)... 96s | nll range: 125.859–256.352
Batch 22/45 (12 specs)... 97s | nll range: 114.669–154.156
Batch 23/45 (12 specs)... 94s | nll range: 114.669–166.947
Batch 24/45 (12 specs)... 96s | nll range: 116.394–225.338
Batch 25/45 (12 specs)... 96s | nll range: 116.874–156.095
Batch 26/45 (12 specs)... 98s | nll range: 116.874–178.270
Batch 27/45 (12 specs)... 95s | nll range: 119.637–229.115
Batch 28/45 (12 specs)... 95s | nll range: 118.433–156.978
Batch 29/45 (12 specs)... 96s | nll range: 118.433–181.497
Batch 30/45 (12 specs)... 97s | nll range: 120.982–228.457
Batch 31/45 (12 specs)... 97s | nll range: 125.027–177.296
Batch 32/45 (12 specs)... 97s | nll range: 125.027–191.794
Batch 33/45 (12 specs)... 98s | nll range: 125.024–265.156
Batch 34/45 (12 specs)... 95s | nll range: 125.027–177.296
Batch 35/45 (12 specs)... 98s | nll range: 125.027–191.794
Batch 36/45 (12 specs)... 95s | nll range: 125.024–265.156
Batch 37/45 (12 specs)... 96s | nll range: 113.070–150.414
Batch 38/45 (12 specs)... 95s | nll range: 110.828–176.141
Batch 39/45 (12 specs)... 97s | nll range: 114.197–231.483
Batch 40/45 (12 specs)... 96s | nll range: 112.211–149.226
Batch 41/45 (12 specs)... 96s | nll range: 109.505–184.021
Batch 42/45 (12 specs)... 97s | nll range: 112.931–222.912
Batch 43/45 (12 specs)... 97s | nll range: 112.793–150.894
Batch 44/45 (12 specs)... 98s | nll range: 109.038–169.414
Batch 45/45 (12 specs)... 97s | nll range: 113.517–220.983
There were 50 or more warnings (use warnings() to see the first 50)

=== Assembling v7 results ===
Total specs: 540 
End: 2026-04-05 18:38:18 
Best spec: Kr1_kf6_ke2_a2 
Best mean_nll: 52.6598 

Top 20:
# A tibble: 20 × 5
   spec_id        n_seasons mean_nll   brier rmse_p
   <chr>              <int>    <dbl>   <dbl>  <dbl>
 1 Kr1_kf6_ke2_a2        10     52.7 0.00255 0.0472
 2 Kr1_kf6_ke3_a2        10     52.7 0.00255 0.0472
 3 Kr1_kf5_ke2_a2        10     54.3 0.00258 0.0475
 4 Kr1_kf5_ke3_a2        10     54.3 0.00258 0.0475
 5 Kr1_kf6_ke2_a3        10     54.5 0.00263 0.0481
 6 Kr1_kf6_ke3_a3        10     54.5 0.00263 0.0481
 7 Kr1_kf4_ke2_a2        10     54.7 0.00259 0.0478
 8 Kr1_kf4_ke3_a2        10     54.7 0.00259 0.0478
 9 Kr1_kf5_ke2_a3        10     55.0 0.00265 0.0483
10 Kr1_kf5_ke3_a3        10     55.0 0.00265 0.0483
11 Kr1_kf4_ke2_a3        10     55.2 0.00262 0.0481
12 Kr1_kf4_ke3_a3        10     55.2 0.00262 0.0481
13 Kr1_kf6_ke2_a1        10     55.3 0.00272 0.0488
14 Kr1_kf6_ke3_a1        10     55.3 0.00272 0.0488
15 Kr1_kf2_ke2_a2        10     55.3 0.00257 0.0473
16 Kr1_kf2_ke3_a2        10     55.3 0.00257 0.0473
17 Kr1_kf3_ke2_a2        10     55.3 0.00257 0.0473
18 Kr1_kf3_ke3_a2        10     55.3 0.00257 0.0473
19 Kr1_kf2_ke2_a3        10     55.3 0.00262 0.0479
20 Kr1_kf2_ke3_a3        10     55.3 0.00262 0.0479
