=== Nested LOSO M2 grid search (v8 — clean + k_f expanded) ===
Start: 2026-04-05 20:41:07 

Warning messages:
1: replacing previous import ‘data.table::first’ by ‘dplyr::first’ when loading ‘flualign’ 
2: replacing previous import ‘data.table::between’ by ‘dplyr::between’ when loading ‘flualign’ 
3: replacing previous import ‘data.table::last’ by ‘dplyr::last’ when loading ‘flualign’ 
4: replacing previous import ‘ggplot2::last_plot’ by ‘plotly::last_plot’ when loading ‘flualign’ 
5: replacing previous import ‘data.table::transpose’ by ‘purrr::transpose’ when loading ‘flualign’ 
Working dir: /home/yeli/PAGe 
Full v8 grid: 756 specs
Test seasons ( 10 ): 2012-13, 2013-14, 2014-15, 2016-17, 2017-18, 2018-19, 2019-20, 2022-23, 2023-24, 2024-25 

Cores: 12 

=== PHASE 1: Loading M1 cache ===
Loaded Phase 1 from: data/nested_loso_v5_phase1.rds — 10 folds
All folds cached — skipping Phase 1.

Phase 1 complete: 10 folds.

=== PHASE 2: M2 grid search (all specs fresh) ===
Total v8 specs to evaluate: 756 

( 756 specs x 10 folds)

Batch 1/63 (12 specs)... 101s | nll range: 64.273–95.872
Batch 2/63 (12 specs)... 95s | nll range: 64.273–95.872
Batch 3/63 (12 specs)... 94s | nll range: 74.814–131.603
Batch 4/63 (12 specs)... 95s | nll range: 64.273–95.872
Batch 5/63 (12 specs)... 97s | nll range: 64.273–95.872
Batch 6/63 (12 specs)... 95s | nll range: 74.814–131.603
Batch 7/63 (12 specs)... 94s | nll range: 64.600–93.032
Batch 8/63 (12 specs)... 94s | nll range: 66.162–93.032
Batch 9/63 (12 specs)... 96s | nll range: 78.993–120.399
Batch 10/63 (12 specs)... 98s | nll range: 64.302–92.220
Batch 11/63 (12 specs)... 96s | nll range: 65.602–92.220
Batch 12/63 (12 specs)... 98s | nll range: 77.886–118.457
Batch 13/63 (12 specs)... 97s | nll range: 62.826–91.813
Batch 14/63 (12 specs)... 96s | nll range: 65.459–91.813
Batch 15/63 (12 specs)... 98s | nll range: 77.150–120.053
Batch 16/63 (12 specs)... 97s | nll range: 62.024–91.772
Batch 17/63 (12 specs)... 97s | nll range: 65.378–91.772
Batch 18/63 (12 specs)... 98s | nll range: 76.895–123.253
Batch 19/63 (12 specs)... 98s | nll range: 63.101–92.917
Batch 20/63 (12 specs)... 97s | nll range: 64.615–92.917
Batch 21/63 (12 specs)... 97s | nll range: 75.943–123.372
Batch 22/63 (12 specs)... 97s | nll range: 126.749–327.049
Batch 23/63 (12 specs)... 96s | nll range: 126.749–297.833
Batch 24/63 (12 specs)... 95s | nll range: 127.549–354.946
Batch 25/63 (12 specs)... 95s | nll range: 126.749–327.049
Batch 26/63 (12 specs)... 97s | nll range: 126.749–297.833
Batch 27/63 (12 specs)... 97s | nll range: 127.549–354.946
Batch 28/63 (12 specs)... 97s | nll range: 115.994–288.386
Batch 29/63 (12 specs)... 97s | nll range: 115.994–306.167
Batch 30/63 (12 specs)... 97s | nll range: 118.451–273.401
Batch 31/63 (12 specs)... 97s | nll range: 118.310–214.862
Batch 32/63 (12 specs)... 97s | nll range: 118.310–268.668
Batch 33/63 (12 specs)... 97s | nll range: 121.637–274.845
Batch 34/63 (12 specs)... 98s | nll range: 119.900–230.011
Batch 35/63 (12 specs)... 96s | nll range: 119.900–293.962
Batch 36/63 (12 specs)... 99s | nll range: 123.039–272.683
Batch 37/63 (12 specs)... 98s | nll range: 119.809–244.919
Batch 38/63 (12 specs)... 97s | nll range: 119.809–318.083
Batch 39/63 (12 specs)... 97s | nll range: 123.606–317.667
Batch 40/63 (12 specs)... 98s | nll range: 120.465–244.137
Batch 41/63 (12 specs)... 97s | nll range: 120.465–302.860
Batch 42/63 (12 specs)... 99s | nll range: 123.426–274.841
Batch 43/63 (12 specs)... 96s | nll range: 126.250–339.402
Batch 44/63 (12 specs)... 96s | nll range: 126.250–345.594
Batch 45/63 (12 specs)... 97s | nll range: 126.780–331.119
Batch 46/63 (12 specs)... 96s | nll range: 126.250–339.402
Batch 47/63 (12 specs)... 96s | nll range: 126.250–345.594
Batch 48/63 (12 specs)... 96s | nll range: 126.780–331.119
Batch 49/63 (12 specs)... 97s | nll range: 114.407–231.848
Batch 50/63 (12 specs)... 95s | nll range: 114.407–308.963
Batch 51/63 (12 specs)... 95s | nll range: 116.543–276.637
Batch 52/63 (12 specs)... 96s | nll range: 113.648–317.840
Batch 53/63 (12 specs)... 95s | nll range: 113.013–287.772
Batch 54/63 (12 specs)... 96s | nll range: 115.664–226.056
Batch 55/63 (12 specs)... 95s | nll range: 114.256–259.703
Batch 56/63 (12 specs)... 96s | nll range: 112.640–337.710
Batch 57/63 (12 specs)... 96s | nll range: 116.264–262.375
Batch 58/63 (12 specs)... 97s | nll range: 114.888–237.073
Batch 59/63 (12 specs)... 96s | nll range: 112.850–335.991
Batch 60/63 (12 specs)... 97s | nll range: 116.769–272.831
Batch 61/63 (12 specs)... 99s | nll range: 115.458–278.935
Batch 62/63 (12 specs)... 99s | nll range: 112.448–342.806
Batch 63/63 (12 specs)... 98s | nll range: 116.980–268.192
There were 50 or more warnings (use warnings() to see the first 50)

=== Assembling v8 results ===
Total specs: 756 
End: 2026-04-05 22:22:48 
Best spec: Kr1_kf7_ke2_a2 
Best mean_nll: 62.0241 

Top 20:
# A tibble: 20 × 5
   spec_id        n_seasons mean_nll   brier rmse_p
   <chr>              <int>    <dbl>   <dbl>  <dbl>
 1 Kr1_kf7_ke2_a2        10     62.0 0.00286 0.0499
 2 Kr1_kf7_ke3_a2        10     62.0 0.00286 0.0499
 3 Kr1_kf6_ke2_a2        10     62.8 0.00296 0.0508
 4 Kr1_kf6_ke3_a2        10     62.8 0.00296 0.0508
 5 Kr1_kf8_ke2_a3        10     63.1 0.00289 0.0502
 6 Kr1_kf8_ke3_a3        10     63.1 0.00289 0.0502
 7 Kr1_kf8_ke2_a2        10     63.5 0.00296 0.0508
 8 Kr1_kf8_ke3_a2        10     63.5 0.00296 0.0508
 9 Kr1_kf7_ke2_a3        10     63.7 0.00291 0.0505
10 Kr1_kf7_ke3_a3        10     63.7 0.00291 0.0505
11 Kr1_kf6_ke2_a3        10     63.9 0.00291 0.0504
12 Kr1_kf6_ke3_a3        10     63.9 0.00291 0.0504
13 Kr1_kf2_ke2_a5        10     64.3 0.00287 0.0501
14 Kr1_kf2_ke3_a5        10     64.3 0.00287 0.0501
15 Kr1_kf3_ke2_a5        10     64.3 0.00287 0.0501
16 Kr1_kf3_ke3_a5        10     64.3 0.00287 0.0501
17 Kr1_kf5_ke2_a3        10     64.3 0.00293 0.0506
18 Kr1_kf5_ke3_a3        10     64.3 0.00293 0.0506
19 Kr1_kf5_ke2_a2        10     64.4 0.00299 0.0511
20 Kr1_kf5_ke3_a2        10     64.4 0.00299 0.0511
