
Attaching package: 'dplyr'

The following objects are masked from 'package:stats':

    filter, lag

The following objects are masked from 'package:base':

    intersect, setdiff, setequal, union

Loading required package: future
Warning messages:
1: replacing previous import 'data.table::first' by 'dplyr::first' when loading 'flualign' 
2: replacing previous import 'data.table::between' by 'dplyr::between' when loading 'flualign' 
3: replacing previous import 'data.table::last' by 'dplyr::last' when loading 'flualign' 
4: replacing previous import 'ggplot2::last_plot' by 'plotly::last_plot' when loading 'flualign' 
5: replacing previous import 'data.table::transpose' by 'purrr::transpose' when loading 'flualign' 
Loaded existing grid: 81 specs
# A tibble: 81 × 3
   k_ref multi_temperature template_shift
   <int>             <dbl>          <int>
 1    15               0.5             -1
 2    20               0.5             -1
 3    25               0.5             -1
 4    15               1               -1
 5    20               1               -1
 6    25               1               -1
 7    15               2               -1
 8    20               2               -1
 9    25               2               -1
10    15               0.5              0
# ℹ 71 more rows
Extended grid: 48 specs
New specs to compute: 36 (out of 48 extended)
# A tibble: 36 × 4
   k_ref multi_temperature template_shift align_rise_weight
   <dbl>             <dbl>          <int>             <dbl>
 1    20              0.25             -2                 1
 2    25              0.25             -2                 1
 3    30              0.25             -2                 1
 4    35              0.25             -2                 1
 5    20              0.5              -2                 1
 6    25              0.5              -2                 1
 7    30              0.5              -2                 1
 8    35              0.5              -2                 1
 9    20              1                -2                 1
10    25              1                -2                 1
# ℹ 26 more rows

Running extended tuning with 117 total specs
  81 old (will be skipped from cache)
  36 new (will be computed)
[tune_m1] Spec 1 / 117  (s001)  k_ref = 15, multi_temperature = 0.5, template_shift = -1, align_rise_weight = 1
  -> mae_weibull = 2.138   [1 / 117 done]
[tune_m1] Spec 2 / 117  (s002)  k_ref = 20, multi_temperature = 0.5, template_shift = -1, align_rise_weight = 1
  -> mae_weibull = 2.203   [2 / 117 done]
[tune_m1] Spec 3 / 117  (s003)  k_ref = 25, multi_temperature = 0.5, template_shift = -1, align_rise_weight = 1
  -> mae_weibull = 2.224   [3 / 117 done]
[tune_m1] Spec 4 / 117  (s004)  k_ref = 15, multi_temperature = 1, template_shift = -1, align_rise_weight = 1
  -> mae_weibull = 2.138   [4 / 117 done]
[tune_m1] Spec 5 / 117  (s005)  k_ref = 20, multi_temperature = 1, template_shift = -1, align_rise_weight = 1
  -> mae_weibull = 2.203   [5 / 117 done]
[tune_m1] Spec 6 / 117  (s006)  k_ref = 25, multi_temperature = 1, template_shift = -1, align_rise_weight = 1
  -> mae_weibull = 2.224   [6 / 117 done]
[tune_m1] Spec 7 / 117  (s007)  k_ref = 15, multi_temperature = 2, template_shift = -1, align_rise_weight = 1
  -> mae_weibull = 2.138   [7 / 117 done]
[tune_m1] Spec 8 / 117  (s008)  k_ref = 20, multi_temperature = 2, template_shift = -1, align_rise_weight = 1
  -> mae_weibull = 2.203   [8 / 117 done]
[tune_m1] Spec 9 / 117  (s009)  k_ref = 25, multi_temperature = 2, template_shift = -1, align_rise_weight = 1
  -> mae_weibull = 2.224   [9 / 117 done]
[tune_m1] Spec 10 / 117  (s010)  k_ref = 15, multi_temperature = 0.5, template_shift = 0, align_rise_weight = 1
  -> mae_weibull = 2.138   [10 / 117 done]
[tune_m1] Spec 11 / 117  (s011)  k_ref = 20, multi_temperature = 0.5, template_shift = 0, align_rise_weight = 1
  -> mae_weibull = 2.189   [11 / 117 done]
[tune_m1] Spec 12 / 117  (s012)  k_ref = 25, multi_temperature = 0.5, template_shift = 0, align_rise_weight = 1
  -> mae_weibull = 2.215   [12 / 117 done]
[tune_m1] Spec 13 / 117  (s013)  k_ref = 15, multi_temperature = 1, template_shift = 0, align_rise_weight = 1
  -> mae_weibull = 2.138   [13 / 117 done]
[tune_m1] Spec 14 / 117  (s014)  k_ref = 20, multi_temperature = 1, template_shift = 0, align_rise_weight = 1
  -> mae_weibull = 2.189   [14 / 117 done]
[tune_m1] Spec 15 / 117  (s015)  k_ref = 25, multi_temperature = 1, template_shift = 0, align_rise_weight = 1
  -> mae_weibull = 2.215   [15 / 117 done]
[tune_m1] Spec 16 / 117  (s016)  k_ref = 15, multi_temperature = 2, template_shift = 0, align_rise_weight = 1
  -> mae_weibull = 2.138   [16 / 117 done]
[tune_m1] Spec 17 / 117  (s017)  k_ref = 20, multi_temperature = 2, template_shift = 0, align_rise_weight = 1
  -> mae_weibull = 2.189   [17 / 117 done]
[tune_m1] Spec 18 / 117  (s018)  k_ref = 25, multi_temperature = 2, template_shift = 0, align_rise_weight = 1
  -> mae_weibull = 2.215   [18 / 117 done]
[tune_m1] Spec 19 / 117  (s019)  k_ref = 15, multi_temperature = 0.5, template_shift = 1, align_rise_weight = 1
  -> mae_weibull = 2.138   [19 / 117 done]
[tune_m1] Spec 20 / 117  (s020)  k_ref = 20, multi_temperature = 0.5, template_shift = 1, align_rise_weight = 1
  -> mae_weibull = 2.177   [20 / 117 done]
[tune_m1] Spec 21 / 117  (s021)  k_ref = 25, multi_temperature = 0.5, template_shift = 1, align_rise_weight = 1
  -> mae_weibull = 2.191   [21 / 117 done]
[tune_m1] Spec 22 / 117  (s022)  k_ref = 15, multi_temperature = 1, template_shift = 1, align_rise_weight = 1
  -> mae_weibull = 2.138   [22 / 117 done]
[tune_m1] Spec 23 / 117  (s023)  k_ref = 20, multi_temperature = 1, template_shift = 1, align_rise_weight = 1
  -> mae_weibull = 2.177   [23 / 117 done]
[tune_m1] Spec 24 / 117  (s024)  k_ref = 25, multi_temperature = 1, template_shift = 1, align_rise_weight = 1
  -> mae_weibull = 2.191   [24 / 117 done]
[tune_m1] Spec 25 / 117  (s025)  k_ref = 15, multi_temperature = 2, template_shift = 1, align_rise_weight = 1
  -> mae_weibull = 2.138   [25 / 117 done]
[tune_m1] Spec 26 / 117  (s026)  k_ref = 20, multi_temperature = 2, template_shift = 1, align_rise_weight = 1
  -> mae_weibull = 2.177   [26 / 117 done]
[tune_m1] Spec 27 / 117  (s027)  k_ref = 25, multi_temperature = 2, template_shift = 1, align_rise_weight = 1
  -> mae_weibull = 2.191   [27 / 117 done]
[tune_m1] Spec 28 / 117  (s028)  k_ref = 15, multi_temperature = 0.5, template_shift = -1, align_rise_weight = 2
  -> mae_weibull = 2.254   [28 / 117 done]
[tune_m1] Spec 29 / 117  (s029)  k_ref = 20, multi_temperature = 0.5, template_shift = -1, align_rise_weight = 2
  -> mae_weibull = 2.205   [29 / 117 done]
[tune_m1] Spec 30 / 117  (s030)  k_ref = 25, multi_temperature = 0.5, template_shift = -1, align_rise_weight = 2
  -> mae_weibull = 2.285   [30 / 117 done]
[tune_m1] Spec 31 / 117  (s031)  k_ref = 15, multi_temperature = 1, template_shift = -1, align_rise_weight = 2
  -> mae_weibull = 2.254   [31 / 117 done]
[tune_m1] Spec 32 / 117  (s032)  k_ref = 20, multi_temperature = 1, template_shift = -1, align_rise_weight = 2
  -> mae_weibull = 2.205   [32 / 117 done]
[tune_m1] Spec 33 / 117  (s033)  k_ref = 25, multi_temperature = 1, template_shift = -1, align_rise_weight = 2
  -> mae_weibull = 2.285   [33 / 117 done]
[tune_m1] Spec 34 / 117  (s034)  k_ref = 15, multi_temperature = 2, template_shift = -1, align_rise_weight = 2
  -> mae_weibull = 2.254   [34 / 117 done]
[tune_m1] Spec 35 / 117  (s035)  k_ref = 20, multi_temperature = 2, template_shift = -1, align_rise_weight = 2
  -> mae_weibull = 2.205   [35 / 117 done]
[tune_m1] Spec 36 / 117  (s036)  k_ref = 25, multi_temperature = 2, template_shift = -1, align_rise_weight = 2
  -> mae_weibull = 2.285   [36 / 117 done]
[tune_m1] Spec 37 / 117  (s037)  k_ref = 15, multi_temperature = 0.5, template_shift = 0, align_rise_weight = 2
  -> mae_weibull = 2.122   [37 / 117 done]
[tune_m1] Spec 38 / 117  (s038)  k_ref = 20, multi_temperature = 0.5, template_shift = 0, align_rise_weight = 2
  -> mae_weibull = 2.119   [38 / 117 done]
[tune_m1] Spec 39 / 117  (s039)  k_ref = 25, multi_temperature = 0.5, template_shift = 0, align_rise_weight = 2
  -> mae_weibull = 2.216   [39 / 117 done]
[tune_m1] Spec 40 / 117  (s040)  k_ref = 15, multi_temperature = 1, template_shift = 0, align_rise_weight = 2
  -> mae_weibull = 2.122   [40 / 117 done]
[tune_m1] Spec 41 / 117  (s041)  k_ref = 20, multi_temperature = 1, template_shift = 0, align_rise_weight = 2
  -> mae_weibull = 2.119   [41 / 117 done]
[tune_m1] Spec 42 / 117  (s042)  k_ref = 25, multi_temperature = 1, template_shift = 0, align_rise_weight = 2
  -> mae_weibull = 2.216   [42 / 117 done]
[tune_m1] Spec 43 / 117  (s043)  k_ref = 15, multi_temperature = 2, template_shift = 0, align_rise_weight = 2
  -> mae_weibull = 2.122   [43 / 117 done]
[tune_m1] Spec 44 / 117  (s044)  k_ref = 20, multi_temperature = 2, template_shift = 0, align_rise_weight = 2
  -> mae_weibull = 2.119   [44 / 117 done]
[tune_m1] Spec 45 / 117  (s045)  k_ref = 25, multi_temperature = 2, template_shift = 0, align_rise_weight = 2
  -> mae_weibull = 2.216   [45 / 117 done]
[tune_m1] Spec 46 / 117  (s046)  k_ref = 15, multi_temperature = 0.5, template_shift = 1, align_rise_weight = 2
  -> mae_weibull = 2.116   [46 / 117 done]
[tune_m1] Spec 47 / 117  (s047)  k_ref = 20, multi_temperature = 0.5, template_shift = 1, align_rise_weight = 2
  -> mae_weibull = 2.165   [47 / 117 done]
[tune_m1] Spec 48 / 117  (s048)  k_ref = 25, multi_temperature = 0.5, template_shift = 1, align_rise_weight = 2
  -> mae_weibull = 2.209   [48 / 117 done]
[tune_m1] Spec 49 / 117  (s049)  k_ref = 15, multi_temperature = 1, template_shift = 1, align_rise_weight = 2
  -> mae_weibull = 2.116   [49 / 117 done]
[tune_m1] Spec 50 / 117  (s050)  k_ref = 20, multi_temperature = 1, template_shift = 1, align_rise_weight = 2
  -> mae_weibull = 2.165   [50 / 117 done]
[tune_m1] Spec 51 / 117  (s051)  k_ref = 25, multi_temperature = 1, template_shift = 1, align_rise_weight = 2
  -> mae_weibull = 2.209   [51 / 117 done]
[tune_m1] Spec 52 / 117  (s052)  k_ref = 15, multi_temperature = 2, template_shift = 1, align_rise_weight = 2
  -> mae_weibull = 2.116   [52 / 117 done]
[tune_m1] Spec 53 / 117  (s053)  k_ref = 20, multi_temperature = 2, template_shift = 1, align_rise_weight = 2
  -> mae_weibull = 2.165   [53 / 117 done]
[tune_m1] Spec 54 / 117  (s054)  k_ref = 25, multi_temperature = 2, template_shift = 1, align_rise_weight = 2
  -> mae_weibull = 2.209   [54 / 117 done]
[tune_m1] Spec 55 / 117  (s055)  k_ref = 15, multi_temperature = 0.5, template_shift = -1, align_rise_weight = 3
  -> mae_weibull = 2.295   [55 / 117 done]
[tune_m1] Spec 56 / 117  (s056)  k_ref = 20, multi_temperature = 0.5, template_shift = -1, align_rise_weight = 3
  -> mae_weibull = 2.218   [56 / 117 done]
[tune_m1] Spec 57 / 117  (s057)  k_ref = 25, multi_temperature = 0.5, template_shift = -1, align_rise_weight = 3
  -> mae_weibull = 2.281   [57 / 117 done]
[tune_m1] Spec 58 / 117  (s058)  k_ref = 15, multi_temperature = 1, template_shift = -1, align_rise_weight = 3
  -> mae_weibull = 2.295   [58 / 117 done]
[tune_m1] Spec 59 / 117  (s059)  k_ref = 20, multi_temperature = 1, template_shift = -1, align_rise_weight = 3
  -> mae_weibull = 2.218   [59 / 117 done]
[tune_m1] Spec 60 / 117  (s060)  k_ref = 25, multi_temperature = 1, template_shift = -1, align_rise_weight = 3
  -> mae_weibull = 2.281   [60 / 117 done]
[tune_m1] Spec 61 / 117  (s061)  k_ref = 15, multi_temperature = 2, template_shift = -1, align_rise_weight = 3
  -> mae_weibull = 2.295   [61 / 117 done]
[tune_m1] Spec 62 / 117  (s062)  k_ref = 20, multi_temperature = 2, template_shift = -1, align_rise_weight = 3
  -> mae_weibull = 2.218   [62 / 117 done]
[tune_m1] Spec 63 / 117  (s063)  k_ref = 25, multi_temperature = 2, template_shift = -1, align_rise_weight = 3
  -> mae_weibull = 2.281   [63 / 117 done]
[tune_m1] Spec 64 / 117  (s064)  k_ref = 15, multi_temperature = 0.5, template_shift = 0, align_rise_weight = 3
  -> mae_weibull = 2.118   [64 / 117 done]
[tune_m1] Spec 65 / 117  (s065)  k_ref = 20, multi_temperature = 0.5, template_shift = 0, align_rise_weight = 3
  -> mae_weibull = 2.135   [65 / 117 done]
[tune_m1] Spec 66 / 117  (s066)  k_ref = 25, multi_temperature = 0.5, template_shift = 0, align_rise_weight = 3
  -> mae_weibull = 2.258   [66 / 117 done]
[tune_m1] Spec 67 / 117  (s067)  k_ref = 15, multi_temperature = 1, template_shift = 0, align_rise_weight = 3
  -> mae_weibull = 2.118   [67 / 117 done]
[tune_m1] Spec 68 / 117  (s068)  k_ref = 20, multi_temperature = 1, template_shift = 0, align_rise_weight = 3
  -> mae_weibull = 2.135   [68 / 117 done]
[tune_m1] Spec 69 / 117  (s069)  k_ref = 25, multi_temperature = 1, template_shift = 0, align_rise_weight = 3
  -> mae_weibull = 2.258   [69 / 117 done]
[tune_m1] Spec 70 / 117  (s070)  k_ref = 15, multi_temperature = 2, template_shift = 0, align_rise_weight = 3
  -> mae_weibull = 2.118   [70 / 117 done]
[tune_m1] Spec 71 / 117  (s071)  k_ref = 20, multi_temperature = 2, template_shift = 0, align_rise_weight = 3
  -> mae_weibull = 2.135   [71 / 117 done]
[tune_m1] Spec 72 / 117  (s072)  k_ref = 25, multi_temperature = 2, template_shift = 0, align_rise_weight = 3
  -> mae_weibull = 2.258   [72 / 117 done]
[tune_m1] Spec 73 / 117  (s073)  k_ref = 15, multi_temperature = 0.5, template_shift = 1, align_rise_weight = 3
  -> mae_weibull = 2.100   [73 / 117 done]
[tune_m1] Spec 74 / 117  (s074)  k_ref = 20, multi_temperature = 0.5, template_shift = 1, align_rise_weight = 3
  -> mae_weibull = 2.167   [74 / 117 done]
[tune_m1] Spec 75 / 117  (s075)  k_ref = 25, multi_temperature = 0.5, template_shift = 1, align_rise_weight = 3
  -> mae_weibull = 2.219   [75 / 117 done]
[tune_m1] Spec 76 / 117  (s076)  k_ref = 15, multi_temperature = 1, template_shift = 1, align_rise_weight = 3
  -> mae_weibull = 2.100   [76 / 117 done]
[tune_m1] Spec 77 / 117  (s077)  k_ref = 20, multi_temperature = 1, template_shift = 1, align_rise_weight = 3
  -> mae_weibull = 2.167   [77 / 117 done]
[tune_m1] Spec 78 / 117  (s078)  k_ref = 25, multi_temperature = 1, template_shift = 1, align_rise_weight = 3
  -> mae_weibull = 2.219   [78 / 117 done]
[tune_m1] Spec 79 / 117  (s079)  k_ref = 15, multi_temperature = 2, template_shift = 1, align_rise_weight = 3
  -> mae_weibull = 2.100   [79 / 117 done]
[tune_m1] Spec 80 / 117  (s080)  k_ref = 20, multi_temperature = 2, template_shift = 1, align_rise_weight = 3
  -> mae_weibull = 2.167   [80 / 117 done]
[tune_m1] Spec 81 / 117  (s081)  k_ref = 25, multi_temperature = 2, template_shift = 1, align_rise_weight = 3
  -> mae_weibull = 2.219   [81 / 117 done]
[tune_m1] Spec 82 / 117  (s082)  k_ref = 20, multi_temperature = 0.25, template_shift = -2, align_rise_weight = 1
  -> mae_weibull = 2.189   [82 / 117 done]
[tune_m1] Spec 83 / 117  (s083)  k_ref = 25, multi_temperature = 0.25, template_shift = -2, align_rise_weight = 1
  -> mae_weibull = 2.174   [83 / 117 done]
[tune_m1] Spec 84 / 117  (s084)  k_ref = 30, multi_temperature = 0.25, template_shift = -2, align_rise_weight = 1
  -> mae_weibull = 2.298   [84 / 117 done]
[tune_m1] Spec 85 / 117  (s085)  k_ref = 35, multi_temperature = 0.25, template_shift = -2, align_rise_weight = 1
  -> mae_weibull = 2.151   [85 / 117 done]
[tune_m1] Spec 86 / 117  (s086)  k_ref = 20, multi_temperature = 0.5, template_shift = -2, align_rise_weight = 1
  -> mae_weibull = 2.189   [86 / 117 done]
[tune_m1] Spec 87 / 117  (s087)  k_ref = 25, multi_temperature = 0.5, template_shift = -2, align_rise_weight = 1
  -> mae_weibull = 2.174   [87 / 117 done]
[tune_m1] Spec 88 / 117  (s088)  k_ref = 30, multi_temperature = 0.5, template_shift = -2, align_rise_weight = 1
  -> mae_weibull = 2.298   [88 / 117 done]
[tune_m1] Spec 89 / 117  (s089)  k_ref = 35, multi_temperature = 0.5, template_shift = -2, align_rise_weight = 1
  -> mae_weibull = 2.151   [89 / 117 done]
[tune_m1] Spec 90 / 117  (s090)  k_ref = 20, multi_temperature = 1, template_shift = -2, align_rise_weight = 1
  -> mae_weibull = 2.189   [90 / 117 done]
[tune_m1] Spec 91 / 117  (s091)  k_ref = 25, multi_temperature = 1, template_shift = -2, align_rise_weight = 1
  -> mae_weibull = 2.174   [91 / 117 done]
[tune_m1] Spec 92 / 117  (s092)  k_ref = 30, multi_temperature = 1, template_shift = -2, align_rise_weight = 1
  -> mae_weibull = 2.298   [92 / 117 done]
[tune_m1] Spec 93 / 117  (s093)  k_ref = 35, multi_temperature = 1, template_shift = -2, align_rise_weight = 1
  -> mae_weibull = 2.151   [93 / 117 done]
[tune_m1] Spec 94 / 117  (s094)  k_ref = 20, multi_temperature = 0.25, template_shift = -1, align_rise_weight = 1
  -> mae_weibull = 2.203   [94 / 117 done]
[tune_m1] Spec 95 / 117  (s095)  k_ref = 25, multi_temperature = 0.25, template_shift = -1, align_rise_weight = 1
  -> mae_weibull = 2.224   [95 / 117 done]
[tune_m1] Spec 96 / 117  (s096)  k_ref = 30, multi_temperature = 0.25, template_shift = -1, align_rise_weight = 1
  -> mae_weibull = 2.364   [96 / 117 done]
[tune_m1] Spec 97 / 117  (s097)  k_ref = 35, multi_temperature = 0.25, template_shift = -1, align_rise_weight = 1
  -> mae_weibull = 2.148   [97 / 117 done]
[tune_m1] Spec 98 / 117  (s098)  k_ref = 30, multi_temperature = 0.5, template_shift = -1, align_rise_weight = 1
  -> mae_weibull = 2.364   [98 / 117 done]
[tune_m1] Spec 99 / 117  (s099)  k_ref = 35, multi_temperature = 0.5, template_shift = -1, align_rise_weight = 1
  -> mae_weibull = 2.148   [99 / 117 done]
[tune_m1] Spec 100 / 117  (s100)  k_ref = 30, multi_temperature = 1, template_shift = -1, align_rise_weight = 1
  -> mae_weibull = 2.364   [100 / 117 done]
[tune_m1] Spec 101 / 117  (s101)  k_ref = 35, multi_temperature = 1, template_shift = -1, align_rise_weight = 1
  -> mae_weibull = 2.148   [101 / 117 done]
[tune_m1] Spec 102 / 117  (s102)  k_ref = 20, multi_temperature = 0.25, template_shift = 0, align_rise_weight = 1
  -> mae_weibull = 2.189   [102 / 117 done]
[tune_m1] Spec 103 / 117  (s103)  k_ref = 25, multi_temperature = 0.25, template_shift = 0, align_rise_weight = 1
  -> mae_weibull = 2.215   [103 / 117 done]
[tune_m1] Spec 104 / 117  (s104)  k_ref = 30, multi_temperature = 0.25, template_shift = 0, align_rise_weight = 1
  -> mae_weibull = 2.326   [104 / 117 done]
[tune_m1] Spec 105 / 117  (s105)  k_ref = 35, multi_temperature = 0.25, template_shift = 0, align_rise_weight = 1
  -> mae_weibull = 2.136   [105 / 117 done]
[tune_m1] Spec 106 / 117  (s106)  k_ref = 30, multi_temperature = 0.5, template_shift = 0, align_rise_weight = 1
  -> mae_weibull = 2.326   [106 / 117 done]
[tune_m1] Spec 107 / 117  (s107)  k_ref = 35, multi_temperature = 0.5, template_shift = 0, align_rise_weight = 1
  -> mae_weibull = 2.136   [107 / 117 done]
[tune_m1] Spec 108 / 117  (s108)  k_ref = 30, multi_temperature = 1, template_shift = 0, align_rise_weight = 1
  -> mae_weibull = 2.326   [108 / 117 done]
[tune_m1] Spec 109 / 117  (s109)  k_ref = 35, multi_temperature = 1, template_shift = 0, align_rise_weight = 1
  -> mae_weibull = 2.136   [109 / 117 done]
[tune_m1] Spec 110 / 117  (s110)  k_ref = 20, multi_temperature = 0.25, template_shift = 1, align_rise_weight = 1
  -> mae_weibull = 2.177   [110 / 117 done]
[tune_m1] Spec 111 / 117  (s111)  k_ref = 25, multi_temperature = 0.25, template_shift = 1, align_rise_weight = 1
  -> mae_weibull = 2.191   [111 / 117 done]
[tune_m1] Spec 112 / 117  (s112)  k_ref = 30, multi_temperature = 0.25, template_shift = 1, align_rise_weight = 1
  -> mae_weibull = 2.325   [112 / 117 done]
[tune_m1] Spec 113 / 117  (s113)  k_ref = 35, multi_temperature = 0.25, template_shift = 1, align_rise_weight = 1
  -> mae_weibull = 2.145   [113 / 117 done]
[tune_m1] Spec 114 / 117  (s114)  k_ref = 30, multi_temperature = 0.5, template_shift = 1, align_rise_weight = 1
  -> mae_weibull = 2.325   [114 / 117 done]
[tune_m1] Spec 115 / 117  (s115)  k_ref = 35, multi_temperature = 0.5, template_shift = 1, align_rise_weight = 1
  -> mae_weibull = 2.145   [115 / 117 done]
[tune_m1] Spec 116 / 117  (s116)  k_ref = 30, multi_temperature = 1, template_shift = 1, align_rise_weight = 1
  -> mae_weibull = 2.325   [116 / 117 done]
[tune_m1] Spec 117 / 117  (s117)  k_ref = 35, multi_temperature = 1, template_shift = 1, align_rise_weight = 1
  -> mae_weibull = 2.145   [117 / 117 done]

[tune_m1] Best spec: s073  mae_weibull = 2.1002
  k_ref = 15
  multi_temperature = 0.5
  template_shift = 1
  align_rise_weight = 3
There were 50 or more warnings (use warnings() to see the first 50)

=== EXTENDED TUNING RESULTS ===

Error in UseMethod("arrange") : 
  no applicable method for 'arrange' applied to an object of class "list"
Calls: %>% -> head -> arrange
Execution halted
