
Attaching package: 'dplyr'

The following objects are masked from 'package:stats':

    filter, lag

The following objects are masked from 'package:base':

    intersect, setdiff, setequal, union

Loading required package: future
Warning messages:
1: replacing previous import 'data.table::first' by 'dplyr::first' when loading 'flualign' 
2: replacing previous import 'data.table::between' by 'dplyr::between' when loading 'flualign' 
3: replacing previous import 'data.table::last' by 'dplyr::last' when loading 'flualign' 
4: replacing previous import 'ggplot2::last_plot' by 'plotly::last_plot' when loading 'flualign' 
5: replacing previous import 'data.table::transpose' by 'purrr::transpose' when loading 'flualign' 
Loaded existing grid: 81 specs
# A tibble: 81 × 3
   k_ref multi_temperature template_shift
   <int>             <dbl>          <int>
 1    15               0.5             -1
 2    20               0.5             -1
 3    25               0.5             -1
 4    15               1               -1
 5    20               1               -1
 6    25               1               -1
 7    15               2               -1
 8    20               2               -1
 9    25               2               -1
10    15               0.5              0
# ℹ 71 more rows
Extended grid: 48 specs
New specs to compute: 36 (out of 48 extended)
# A tibble: 36 × 4
   k_ref multi_temperature template_shift align_rise_weight
   <dbl>             <dbl>          <int>             <dbl>
 1    20              0.25             -2                 1
 2    25              0.25             -2                 1
 3    30              0.25             -2                 1
 4    35              0.25             -2                 1
 5    20              0.5              -2                 1
 6    25              0.5              -2                 1
 7    30              0.5              -2                 1
 8    35              0.5              -2                 1
 9    20              1                -2                 1
10    25              1                -2                 1
# ℹ 26 more rows

Running extended tuning with 117 total specs
  81 old (will be skipped from cache)
  36 new (will be computed)
[tune_m1] Resuming: 81 / 117 specs already done.
[tune_m1] Spec 82 / 117  (s082)  k_ref = 20, multi_temperature = 0.25, template_shift = -2, align_rise_weight = 1
  -> mae_weibull = 1.602   [82 / 117 done]
[tune_m1] Spec 83 / 117  (s083)  k_ref = 25, multi_temperature = 0.25, template_shift = -2, align_rise_weight = 1
  -> mae_weibull = 1.538   [83 / 117 done]
[tune_m1] Spec 84 / 117  (s084)  k_ref = 30, multi_temperature = 0.25, template_shift = -2, align_rise_weight = 1
  -> mae_weibull = 1.565   [84 / 117 done]
[tune_m1] Spec 85 / 117  (s085)  k_ref = 35, multi_temperature = 0.25, template_shift = -2, align_rise_weight = 1
  -> mae_weibull = 1.636   [85 / 117 done]
[tune_m1] Spec 86 / 117  (s086)  k_ref = 20, multi_temperature = 0.5, template_shift = -2, align_rise_weight = 1
  -> mae_weibull = 1.543   [86 / 117 done]
[tune_m1] Spec 87 / 117  (s087)  k_ref = 25, multi_temperature = 0.5, template_shift = -2, align_rise_weight = 1
  -> mae_weibull = 1.562   [87 / 117 done]
[tune_m1] Spec 88 / 117  (s088)  k_ref = 30, multi_temperature = 0.5, template_shift = -2, align_rise_weight = 1
  -> mae_weibull = 1.529   [88 / 117 done]
[tune_m1] Spec 89 / 117  (s089)  k_ref = 35, multi_temperature = 0.5, template_shift = -2, align_rise_weight = 1
  -> mae_weibull = 1.545   [89 / 117 done]
[tune_m1] Spec 90 / 117  (s090)  k_ref = 20, multi_temperature = 1, template_shift = -2, align_rise_weight = 1
  -> mae_weibull = 1.549   [90 / 117 done]
[tune_m1] Spec 91 / 117  (s091)  k_ref = 25, multi_temperature = 1, template_shift = -2, align_rise_weight = 1
  -> mae_weibull = 1.570   [91 / 117 done]
[tune_m1] Spec 92 / 117  (s092)  k_ref = 30, multi_temperature = 1, template_shift = -2, align_rise_weight = 1
  -> mae_weibull = 1.602   [92 / 117 done]
[tune_m1] Spec 93 / 117  (s093)  k_ref = 35, multi_temperature = 1, template_shift = -2, align_rise_weight = 1
  -> mae_weibull = 1.621   [93 / 117 done]
[tune_m1] Spec 94 / 117  (s094)  k_ref = 20, multi_temperature = 0.25, template_shift = -1, align_rise_weight = 1
  -> mae_weibull = 1.344   [94 / 117 done]
[tune_m1] Spec 95 / 117  (s095)  k_ref = 25, multi_temperature = 0.25, template_shift = -1, align_rise_weight = 1
  -> mae_weibull = 1.198   [95 / 117 done]
[tune_m1] Spec 96 / 117  (s096)  k_ref = 30, multi_temperature = 0.25, template_shift = -1, align_rise_weight = 1
  -> mae_weibull = 1.226   [96 / 117 done]
[tune_m1] Spec 97 / 117  (s097)  k_ref = 35, multi_temperature = 0.25, template_shift = -1, align_rise_weight = 1
  -> mae_weibull = 1.261   [97 / 117 done]
[tune_m1] Spec 98 / 117  (s098)  k_ref = 30, multi_temperature = 0.5, template_shift = -1, align_rise_weight = 1
  -> mae_weibull = 1.216   [98 / 117 done]
[tune_m1] Spec 99 / 117  (s099)  k_ref = 35, multi_temperature = 0.5, template_shift = -1, align_rise_weight = 1
  -> mae_weibull = 1.211   [99 / 117 done]
[tune_m1] Spec 100 / 117  (s100)  k_ref = 30, multi_temperature = 1, template_shift = -1, align_rise_weight = 1
  -> mae_weibull = 1.390   [100 / 117 done]
[tune_m1] Spec 101 / 117  (s101)  k_ref = 35, multi_temperature = 1, template_shift = -1, align_rise_weight = 1
  -> mae_weibull = 1.383   [101 / 117 done]
[tune_m1] Spec 102 / 117  (s102)  k_ref = 20, multi_temperature = 0.25, template_shift = 0, align_rise_weight = 1
  -> mae_weibull = 1.238   [102 / 117 done]
[tune_m1] Spec 103 / 117  (s103)  k_ref = 25, multi_temperature = 0.25, template_shift = 0, align_rise_weight = 1
  -> mae_weibull = 1.169   [103 / 117 done]
[tune_m1] Spec 104 / 117  (s104)  k_ref = 30, multi_temperature = 0.25, template_shift = 0, align_rise_weight = 1
  -> mae_weibull = 1.219   [104 / 117 done]
[tune_m1] Spec 105 / 117  (s105)  k_ref = 35, multi_temperature = 0.25, template_shift = 0, align_rise_weight = 1
  -> mae_weibull = 1.296   [105 / 117 done]
[tune_m1] Spec 106 / 117  (s106)  k_ref = 30, multi_temperature = 0.5, template_shift = 0, align_rise_weight = 1
  -> mae_weibull = 1.263   [106 / 117 done]
[tune_m1] Spec 107 / 117  (s107)  k_ref = 35, multi_temperature = 0.5, template_shift = 0, align_rise_weight = 1
  -> mae_weibull = 1.233   [107 / 117 done]
[tune_m1] Spec 108 / 117  (s108)  k_ref = 30, multi_temperature = 1, template_shift = 0, align_rise_weight = 1
  -> mae_weibull = 1.435   [108 / 117 done]
[tune_m1] Spec 109 / 117  (s109)  k_ref = 35, multi_temperature = 1, template_shift = 0, align_rise_weight = 1
  -> mae_weibull = 1.419   [109 / 117 done]
[tune_m1] Spec 110 / 117  (s110)  k_ref = 20, multi_temperature = 0.25, template_shift = 1, align_rise_weight = 1
  -> mae_weibull = 1.284   [110 / 117 done]
[tune_m1] Spec 111 / 117  (s111)  k_ref = 25, multi_temperature = 0.25, template_shift = 1, align_rise_weight = 1
  -> mae_weibull = 1.287   [111 / 117 done]
[tune_m1] Spec 112 / 117  (s112)  k_ref = 30, multi_temperature = 0.25, template_shift = 1, align_rise_weight = 1
  -> mae_weibull = 1.247   [112 / 117 done]
[tune_m1] Spec 113 / 117  (s113)  k_ref = 35, multi_temperature = 0.25, template_shift = 1, align_rise_weight = 1
  -> mae_weibull = 1.262   [113 / 117 done]
[tune_m1] Spec 114 / 117  (s114)  k_ref = 30, multi_temperature = 0.5, template_shift = 1, align_rise_weight = 1
  -> mae_weibull = 1.289   [114 / 117 done]
[tune_m1] Spec 115 / 117  (s115)  k_ref = 35, multi_temperature = 0.5, template_shift = 1, align_rise_weight = 1
  -> mae_weibull = 1.259   [115 / 117 done]
[tune_m1] Spec 116 / 117  (s116)  k_ref = 30, multi_temperature = 1, template_shift = 1, align_rise_weight = 1
  -> mae_weibull = 1.397   [116 / 117 done]
[tune_m1] Spec 117 / 117  (s117)  k_ref = 35, multi_temperature = 1, template_shift = 1, align_rise_weight = 1
  -> mae_weibull = 1.393   [117 / 117 done]

[tune_m1] Best spec: s103  mae_weibull = 1.1691
  k_ref = 25
  multi_temperature = 0.25
  template_shift = 0
  align_rise_weight = 1
There were 50 or more warnings (use warnings() to see the first 50)

=== EXTENDED TUNING RESULTS ===

Error in UseMethod("arrange") : 
  no applicable method for 'arrange' applied to an object of class "NULL"
Calls: %>% -> head -> arrange
Execution halted
