
Attaching package: 'dplyr'

The following objects are masked from 'package:stats':

    filter, lag

The following objects are masked from 'package:base':

    intersect, setdiff, setequal, union

Loading required package: future
Warning messages:
1: replacing previous import 'data.table::first' by 'dplyr::first' when loading 'flualign' 
2: replacing previous import 'data.table::between' by 'dplyr::between' when loading 'flualign' 
3: replacing previous import 'data.table::last' by 'dplyr::last' when loading 'flualign' 
4: replacing previous import 'ggplot2::last_plot' by 'plotly::last_plot' when loading 'flualign' 
5: replacing previous import 'data.table::transpose' by 'purrr::transpose' when loading 'flualign' 
New low-temp grid: 36 specs
# A tibble: 36 × 4
   k_ref multi_temperature template_shift align_rise_weight
   <int>             <dbl>          <int>             <dbl>
 1    20              0.05             -1                 1
 2    25              0.05             -1                 1
 3    30              0.05             -1                 1
 4    20              0.1              -1                 1
 5    25              0.1              -1                 1
 6    30              0.1              -1                 1
 7    20              0.15             -1                 1
 8    25              0.15             -1                 1
 9    30              0.15             -1                 1
10    20              0.2              -1                 1
# ℹ 26 more rows

Total combined grid: 153 specs
  81 original + 36 prev extended + 36 new low-temp
[tune_m1] Resuming: 117 / 153 specs already done.
[tune_m1] Spec 118 / 153  (s118)  k_ref = 20, multi_temperature = 0.05, template_shift = -1, align_rise_weight = 1

Attaching package: 'dplyr'

The following objects are masked from 'package:stats':

    filter, lag

The following objects are masked from 'package:base':

    intersect, setdiff, setequal, union

Loading required package: future
Warning messages:
1: replacing previous import 'data.table::first' by 'dplyr::first' when loading 'flualign' 
2: replacing previous import 'data.table::between' by 'dplyr::between' when loading 'flualign' 
3: replacing previous import 'data.table::last' by 'dplyr::last' when loading 'flualign' 
4: replacing previous import 'ggplot2::last_plot' by 'plotly::last_plot' when loading 'flualign' 
5: replacing previous import 'data.table::transpose' by 'purrr::transpose' when loading 'flualign' 
New low-temp grid: 36 specs
# A tibble: 36 × 4
   k_ref multi_temperature template_shift align_rise_weight
   <int>             <dbl>          <int>             <dbl>
 1    20              0.05             -1                 1
 2    25              0.05             -1                 1
 3    30              0.05             -1                 1
 4    20              0.1              -1                 1
 5    25              0.1              -1                 1
 6    30              0.1              -1                 1
 7    20              0.15             -1                 1
 8    25              0.15             -1                 1
 9    30              0.15             -1                 1
10    20              0.2              -1                 1
# ℹ 26 more rows

Total combined grid: 153 specs
  81 original + 36 prev extended + 36 new low-temp
[tune_m1] Resuming: 117 / 153 specs already done.
[tune_m1] Spec 118 / 153  (s118)  k_ref = 20, multi_temperature = 0.05, template_shift = -1, align_rise_weight = 1
  -> mae_weibull = 2.489   [118 / 153 done]
[tune_m1] Spec 119 / 153  (s119)  k_ref = 25, multi_temperature = 0.05, template_shift = -1, align_rise_weight = 1
  -> mae_weibull = 2.750   [119 / 153 done]
[tune_m1] Spec 120 / 153  (s120)  k_ref = 30, multi_temperature = 0.05, template_shift = -1, align_rise_weight = 1
  -> mae_weibull = 3.016   [120 / 153 done]
[tune_m1] Spec 121 / 153  (s121)  k_ref = 20, multi_temperature = 0.1, template_shift = -1, align_rise_weight = 1
  -> mae_weibull = 2.207   [121 / 153 done]
[tune_m1] Spec 122 / 153  (s122)  k_ref = 25, multi_temperature = 0.1, template_shift = -1, align_rise_weight = 1
  -> mae_weibull = 2.386   [122 / 153 done]
[tune_m1] Spec 123 / 153  (s123)  k_ref = 30, multi_temperature = 0.1, template_shift = -1, align_rise_weight = 1
  -> mae_weibull = 2.648   [123 / 153 done]
[tune_m1] Spec 124 / 153  (s124)  k_ref = 20, multi_temperature = 0.15, template_shift = -1, align_rise_weight = 1
  -> mae_weibull = 2.192   [124 / 153 done]
[tune_m1] Spec 125 / 153  (s125)  k_ref = 25, multi_temperature = 0.15, template_shift = -1, align_rise_weight = 1
  -> mae_weibull = 2.314   [125 / 153 done]
[tune_m1] Spec 126 / 153  (s126)  k_ref = 30, multi_temperature = 0.15, template_shift = -1, align_rise_weight = 1
  -> mae_weibull = 2.435   [126 / 153 done]
[tune_m1] Spec 127 / 153  (s127)  k_ref = 20, multi_temperature = 0.2, template_shift = -1, align_rise_weight = 1
  -> mae_weibull = 2.092   [127 / 153 done]
[tune_m1] Spec 128 / 153  (s128)  k_ref = 25, multi_temperature = 0.2, template_shift = -1, align_rise_weight = 1
  -> mae_weibull = 2.217   [128 / 153 done]
[tune_m1] Spec 129 / 153  (s129)  k_ref = 30, multi_temperature = 0.2, template_shift = -1, align_rise_weight = 1
  -> mae_weibull = 2.368   [129 / 153 done]
[tune_m1] Spec 130 / 153  (s130)  k_ref = 20, multi_temperature = 0.05, template_shift = 0, align_rise_weight = 1
  -> mae_weibull = 2.224   [130 / 153 done]
[tune_m1] Spec 131 / 153  (s131)  k_ref = 25, multi_temperature = 0.05, template_shift = 0, align_rise_weight = 1
  -> mae_weibull = 2.448   [131 / 153 done]
[tune_m1] Spec 132 / 153  (s132)  k_ref = 30, multi_temperature = 0.05, template_shift = 0, align_rise_weight = 1
  -> mae_weibull = 2.533   [132 / 153 done]
[tune_m1] Spec 133 / 153  (s133)  k_ref = 20, multi_temperature = 0.1, template_shift = 0, align_rise_weight = 1
  -> mae_weibull = 2.022   [133 / 153 done]
[tune_m1] Spec 134 / 153  (s134)  k_ref = 25, multi_temperature = 0.1, template_shift = 0, align_rise_weight = 1
  -> mae_weibull = 2.166   [134 / 153 done]
[tune_m1] Spec 135 / 153  (s135)  k_ref = 30, multi_temperature = 0.1, template_shift = 0, align_rise_weight = 1
  -> mae_weibull = 2.285   [135 / 153 done]
[tune_m1] Spec 136 / 153  (s136)  k_ref = 20, multi_temperature = 0.15, template_shift = 0, align_rise_weight = 1
  -> mae_weibull = 1.929   [136 / 153 done]
[tune_m1] Spec 137 / 153  (s137)  k_ref = 25, multi_temperature = 0.15, template_shift = 0, align_rise_weight = 1
  -> mae_weibull = 1.969   [137 / 153 done]
[tune_m1] Spec 138 / 153  (s138)  k_ref = 30, multi_temperature = 0.15, template_shift = 0, align_rise_weight = 1
  -> mae_weibull = 2.091   [138 / 153 done]
[tune_m1] Spec 139 / 153  (s139)  k_ref = 20, multi_temperature = 0.2, template_shift = 0, align_rise_weight = 1
  -> mae_weibull = 1.858   [139 / 153 done]
[tune_m1] Spec 140 / 153  (s140)  k_ref = 25, multi_temperature = 0.2, template_shift = 0, align_rise_weight = 1
  -> mae_weibull = 1.960   [140 / 153 done]
[tune_m1] Spec 141 / 153  (s141)  k_ref = 30, multi_temperature = 0.2, template_shift = 0, align_rise_weight = 1
  -> mae_weibull = 1.973   [141 / 153 done]
[tune_m1] Spec 142 / 153  (s142)  k_ref = 20, multi_temperature = 0.05, template_shift = 1, align_rise_weight = 1
  -> mae_weibull = 2.063   [142 / 153 done]
[tune_m1] Spec 143 / 153  (s143)  k_ref = 25, multi_temperature = 0.05, template_shift = 1, align_rise_weight = 1
  -> mae_weibull = 1.809   [143 / 153 done]
[tune_m1] Spec 144 / 153  (s144)  k_ref = 30, multi_temperature = 0.05, template_shift = 1, align_rise_weight = 1
  -> mae_weibull = 1.882   [144 / 153 done]
[tune_m1] Spec 145 / 153  (s145)  k_ref = 20, multi_temperature = 0.1, template_shift = 1, align_rise_weight = 1
  -> mae_weibull = 1.901   [145 / 153 done]
[tune_m1] Spec 146 / 153  (s146)  k_ref = 25, multi_temperature = 0.1, template_shift = 1, align_rise_weight = 1
  -> mae_weibull = 1.677   [146 / 153 done]
[tune_m1] Spec 147 / 153  (s147)  k_ref = 30, multi_temperature = 0.1, template_shift = 1, align_rise_weight = 1
  -> mae_weibull = 1.708   [147 / 153 done]
[tune_m1] Spec 148 / 153  (s148)  k_ref = 20, multi_temperature = 0.15, template_shift = 1, align_rise_weight = 1
  -> mae_weibull = 1.745   [148 / 153 done]
[tune_m1] Spec 149 / 153  (s149)  k_ref = 25, multi_temperature = 0.15, template_shift = 1, align_rise_weight = 1
  -> mae_weibull = 1.540   [149 / 153 done]
[tune_m1] Spec 150 / 153  (s150)  k_ref = 30, multi_temperature = 0.15, template_shift = 1, align_rise_weight = 1
  -> mae_weibull = 1.546   [150 / 153 done]
[tune_m1] Spec 151 / 153  (s151)  k_ref = 20, multi_temperature = 0.2, template_shift = 1, align_rise_weight = 1
  -> mae_weibull = 1.596   [151 / 153 done]
[tune_m1] Spec 152 / 153  (s152)  k_ref = 25, multi_temperature = 0.2, template_shift = 1, align_rise_weight = 1
  -> mae_weibull = 1.486   [152 / 153 done]
[tune_m1] Spec 153 / 153  (s153)  k_ref = 30, multi_temperature = 0.2, template_shift = 1, align_rise_weight = 1
  -> mae_weibull = 1.474   [153 / 153 done]

[tune_m1] Best spec: s103  mae_weibull = 1.1691
  k_ref = 25
  multi_temperature = 0.25
  template_shift = 0
  align_rise_weight = 1
There were 50 or more warnings (use warnings() to see the first 50)

=== LOW-TEMP TUNING RESULTS ===

Error in UseMethod("arrange") : 
  no applicable method for 'arrange' applied to an object of class "NULL"
Calls: %>% -> head -> arrange
Execution halted
