

processing file: loso_walkforward.qmd
1/21                       
2/21 [setup]               
3/21                       
4/21 [run-loso]            
5/21                       
6/21 [param-plots-setup]   
7/21                       
8/21 [param-tabs]          
9/21                       
10/21 [custom-split-example]
11/21                       
12/21 [season-reports]      
13/21                       
14/21 [weight-viz]          
15/21                       
16/21 [k-ref-tuning]        
17/21                       
18/21 [k-ref-plots]         
19/21                       
20/21 [k-ref-table]         
21/21                       
output file: loso_walkforward.knit.md

pandoc 
  to: html
  output-file: loso_walkforward.html
  standalone: true
  self-contained: true
  section-divs: true
  html-math-method: mathjax
  wrap: none
  default-image-extension: png
  toc: true
  variables: {}
  
metadata
  document-css: false
  link-citations: true
  date-format: long
  lang: en
  title: LOSO Walk-forward Alignment Evaluation
  page-layout: full
  grid:
    body-width: 1200px
  
Output created: loso_walkforward.html

