── Attaching core tidyverse packages ──────────────────────── tidyverse 2.0.0 ──
✔ dplyr     1.2.0     ✔ readr     2.1.6
✔ forcats   1.0.1     ✔ stringr   1.6.0
✔ ggplot2   4.0.2     ✔ tibble    3.3.1
✔ lubridate 1.9.5     ✔ tidyr     1.3.2
✔ purrr     1.2.1     
── Conflicts ────────────────────────────────────────── tidyverse_conflicts() ──
✖ dplyr::filter() masks stats::filter()
✖ dplyr::lag()    masks stats::lag()
ℹ Use the conflicted package (<http://conflicted.r-lib.org/>) to force all conflicts to become errors
Loading required package: nlme

Attaching package: 'nlme'

The following object is masked from 'package:dplyr':

    collapse

This is mgcv 1.9-3. For overview type 'help("mgcv-package")'.

Attaching package: 'data.table'

The following objects are masked from 'package:lubridate':

    hour, isoweek, isoyear, mday, minute, month, quarter, second, wday,
    week, yday, year

The following objects are masked from 'package:dplyr':

    between, first, last

The following object is masked from 'package:purrr':

    transpose

Warning messages:
1: replacing previous import 'data.table::first' by 'dplyr::first' when loading 'flualign' 
2: replacing previous import 'data.table::between' by 'dplyr::between' when loading 'flualign' 
3: replacing previous import 'data.table::last' by 'dplyr::last' when loading 'flualign' 
4: replacing previous import 'ggplot2::last_plot' by 'plotly::last_plot' when loading 'flualign' 
5: replacing previous import 'data.table::transpose' by 'purrr::transpose' when loading 'flualign' 
Grid: 36 x 10 folds = 360 evals
[loso_M0v2] fold holdout=2012-13
[loso_M0v2] fold holdout=2013-14
[loso_M0v2] fold holdout=2014-15
[loso_M0v2] fold holdout=2016-17
[loso_M0v2] fold holdout=2017-18
[loso_M0v2] fold holdout=2018-19
[loso_M0v2] fold holdout=2019-20
[loso_M0v2] fold holdout=2022-23
[loso_M0v2] fold holdout=2023-24
[loso_M0v2] fold holdout=2024-25
Warning messages:
1: extra argument(s) 'select' disregarded 
2: extra argument(s) 'select' disregarded 
3: extra argument(s) 'select' disregarded 
4: extra argument(s) 'select' disregarded 
5: extra argument(s) 'select' disregarded 
6: extra argument(s) 'select' disregarded 
7: extra argument(s) 'select' disregarded 
8: extra argument(s) 'select' disregarded 
9: extra argument(s) 'select' disregarded 
10: extra argument(s) 'select' disregarded 
Done. Saved to data/stage1_tuning.rds
$cls_thr
[1] 0.26

$p_thr
[1] 0.002

$prev_thr
[1] 0.001

$p_sum_thr
[1] 0.05

$eps
[1] 0

$dp_thr
[1] 0.01

$n_consec
[1] 5

$L
[1] 2

$K_sum
[1] 5

$N_req
[1] 4

$w_min
[1] 13

$w_max
[1] 26

$K_dp
[1] 3

$n_seasons
[1] 10

$n_miss
[1] 0

$mean_abs
[1] 0.2

$median_abs
[1] 0

$max_abs
[1] 1

$mean_diff
[1] -0.2

