

processing file: run.qmd
1/19                    
2/19 [setup]            
3/19                    
4/19 [build-ref]        
5/19                    
6/19 [ref-plot]         
7/19                    
8/19 [get-current]      
9/19                    
10/19 [run-wf]           
11/19                    
12/19 [current-state]    
13/19                    
14/19 [param-plots-setup]
15/19                    
16/19 [param-tabs]       
17/19                    
18/19 [week-reports]     
19/19                    
output file: run.knit.md

pandoc 
  to: html
  output-file: run.html
  standalone: true
  self-contained: true
  section-divs: true
  html-math-method: mathjax
  wrap: none
  default-image-extension: png
  toc: true
  variables: {}
  
metadata
  document-css: false
  link-citations: true
  date-format: long
  lang: en
  title: '2025-26 Season: Prospective Alignment'
  page-layout: full
  grid:
    body-width: 1200px
  
Output created: run.html

